<?xml version="1.0" encoding="UTF-8"?>
<testng-results skipped="0" failed="0" ignored="0" total="1" passed="1">
  <reporter-output>
  </reporter-output>
  <suite name="Suite" duration-ms="3016" started-at="2018-02-28T06:12:46Z" finished-at="2018-02-28T06:12:49Z">
    <groups>
    </groups>
    <test name="Test" duration-ms="3016" started-at="2018-02-28T06:12:46Z" finished-at="2018-02-28T06:12:49Z">
      <class name="main.Framework_001">
        <test-method status="PASS" signature="beforeMethod(java.lang.String)[pri:0, instance:main.Framework_001@5f0fd5a0]" name="beforeMethod" is-config="true" duration-ms="731" started-at="2018-02-28T06:12:46Z" finished-at="2018-02-28T06:12:46Z">
          <params>
            <param index="0">
              <value>
                <![CDATA[chrome]]>
              </value>
            </param>
          </params>
          <reporter-output>
          </reporter-output>
        </test-method> <!-- beforeMethod -->
        <test-method status="PASS" signature="main()[pri:0, instance:main.Framework_001@5f0fd5a0]" name="main" duration-ms="2180" started-at="2018-02-28T06:12:46Z" finished-at="2018-02-28T06:12:48Z">
          <reporter-output>
          </reporter-output>
        </test-method> <!-- main -->
        <test-method status="PASS" signature="afterMethod()[pri:0, instance:main.Framework_001@5f0fd5a0]" name="afterMethod" is-config="true" duration-ms="104" started-at="2018-02-28T06:12:48Z" finished-at="2018-02-28T06:12:49Z">
          <reporter-output>
          </reporter-output>
        </test-method> <!-- afterMethod -->
      </class> <!-- main.Framework_001 -->
    </test> <!-- Test -->
  </suite> <!-- Suite -->
</testng-results>
